<?xml version="1.0" encoding="UTF-8"?>
<testsuite name="com.rakshalink.SessionInactivityTest" tests="2" skipped="0" failures="0" errors="0" timestamp="2026-08-20T13:46:42.492Z" hostname="LIKITH" time="0.059">
  <properties/>
  <testcase name="testUserInteractionResetsStateToActive" classname="com.rakshalink.SessionInactivityTest" time="0.059"/>
  <testcase name="testInitialInactivityStateIsActive" classname="com.rakshalink.SessionInactivityTest" time="0.0"/>
  <system-out><![CDATA[]]></system-out>
  <system-err><![CDATA[]]></system-err>
</testsuite>
