<?xml version="1.0" encoding="UTF-8"?>
<testsuite name="com.rakshalink.SafeZoneGeofenceTest" tests="2" skipped="0" failures="0" errors="0" timestamp="2026-08-20T13:46:42.487Z" hostname="LIKITH" time="0.002">
  <properties/>
  <testcase name="testPointOutsideSafeZoneTriggersExit" classname="com.rakshalink.SafeZoneGeofenceTest" time="0.002"/>
  <testcase name="testPointInsideSafeZone" classname="com.rakshalink.SafeZoneGeofenceTest" time="0.0"/>
  <system-out><![CDATA[]]></system-out>
  <system-err><![CDATA[]]></system-err>
</testsuite>
